2016-10-06 16:46:40,115 INFO  com.capitalone.dashboard.Application - Starting Application v2.0.4-SNAPSHOT on LT060017 with PID 5528 (D:\Office\Eclipse\wrkspc\Hygieia-master\api\target\api.jar started by 600870 in D:\Office\Eclipse\wrkspc\Hygieia-master\collectors\build\sonar)
2016-10-06 16:46:40,664 INFO  o.s.b.c.e.AnnotationConfigEmbeddedWebApplicationContext - Refreshing org.springframework.boot.context.embedded.AnnotationConfigEmbeddedWebApplicationContext@50b17e4: startup date [Thu Oct 06 16:46:40 IST 2016]; root of context hierarchy
2016-10-06 16:46:46,173 INFO  o.s.b.f.a.AutowiredAnnotationBeanPostProcessor - JSR-330 'javax.inject.Inject' annotation found and supported for autowiring
2016-10-06 16:46:46,329 INFO  o.h.validator.internal.util.Version - HV000001: Hibernate Validator 5.1.3.Final
2016-10-06 16:46:47,439 WARN  o.s.b.c.e.AnnotationConfigEmbeddedWebApplicationContext - Exception encountered during context initialization - cancelling refresh attempt
org.springframework.context.ApplicationContextException: Unable to start embedded container; nested exception is org.springframework.beans.factory.BeanCreationException: Error creating bean with name 'tomcatEmbeddedServletContainerFactory' defined in class path resource [org/springframework/boot/autoconfigure/web/EmbeddedServletContainerAutoConfiguration$EmbeddedTomcat.class]: Initialization of bean failed; nested exception is java.lang.IllegalArgumentException: ContextPath must start with '/ and not end with '/'
	at org.springframework.boot.context.embedded.EmbeddedWebApplicationContext.onRefresh(EmbeddedWebApplicationContext.java:133) [spring-boot-1.2.5.RELEASE.jar!/:1.2.5.RELEASE]
	at org.springframework.context.support.AbstractApplicationContext.refresh(AbstractApplicationContext.java:474) ~[spring-context-4.1.7.RELEASE.jar!/:4.1.7.RELEASE]
	at org.springframework.boot.context.embedded.EmbeddedWebApplicationContext.refresh(EmbeddedWebApplicationContext.java:118) [spring-boot-1.2.5.RELEASE.jar!/:1.2.5.RELEASE]
	at org.springframework.boot.SpringApplication.refresh(SpringApplication.java:686) [spring-boot-1.2.5.RELEASE.jar!/:1.2.5.RELEASE]
	at org.springframework.boot.SpringApplication.run(SpringApplication.java:320) [spring-boot-1.2.5.RELEASE.jar!/:1.2.5.RELEASE]
	at org.springframework.boot.builder.SpringApplicationBuilder.run(SpringApplicationBuilder.java:139) [spring-boot-1.2.5.RELEASE.jar!/:1.2.5.RELEASE]
	at com.capitalone.dashboard.Application.main(Application.java:41) [api.jar!/:2.0.4-SNAPSHOT]
	at sun.reflect.NativeMethodAccessorImpl.invoke0(Native Method) ~[na:1.8.0_74]
	at sun.reflect.NativeMethodAccessorImpl.invoke(Unknown Source) ~[na:1.8.0_74]
	at sun.reflect.DelegatingMethodAccessorImpl.invoke(Unknown Source) ~[na:1.8.0_74]
	at java.lang.reflect.Method.invoke(Unknown Source) ~[na:1.8.0_74]
	at org.springframework.boot.loader.MainMethodRunner.run(MainMethodRunner.java:53) [api.jar!/:2.0.4-SNAPSHOT]
	at java.lang.Thread.run(Unknown Source) [na:1.8.0_74]
Caused by: org.springframework.beans.factory.BeanCreationException: Error creating bean with name 'tomcatEmbeddedServletContainerFactory' defined in class path resource [org/springframework/boot/autoconfigure/web/EmbeddedServletContainerAutoConfiguration$EmbeddedTomcat.class]: Initialization of bean failed; nested exception is java.lang.IllegalArgumentException: ContextPath must start with '/ and not end with '/'
	at org.springframework.beans.factory.support.AbstractAutowireCapableBeanFactory.doCreateBean(AbstractAutowireCapableBeanFactory.java:547) ~[spring-beans-4.1.7.RELEASE.jar!/:4.1.7.RELEASE]
	at org.springframework.beans.factory.support.AbstractAutowireCapableBeanFactory.createBean(AbstractAutowireCapableBeanFactory.java:476) ~[spring-beans-4.1.7.RELEASE.jar!/:4.1.7.RELEASE]
	at org.springframework.beans.factory.support.AbstractBeanFactory$1.getObject(AbstractBeanFactory.java:303) ~[spring-beans-4.1.7.RELEASE.jar!/:4.1.7.RELEASE]
	at org.springframework.beans.factory.support.DefaultSingletonBeanRegistry.getSingleton(DefaultSingletonBeanRegistry.java:230) ~[spring-beans-4.1.7.RELEASE.jar!/:4.1.7.RELEASE]
	at org.springframework.beans.factory.support.AbstractBeanFactory.doGetBean(AbstractBeanFactory.java:299) ~[spring-beans-4.1.7.RELEASE.jar!/:4.1.7.RELEASE]
	at org.springframework.beans.factory.support.AbstractBeanFactory.getBean(AbstractBeanFactory.java:199) ~[spring-beans-4.1.7.RELEASE.jar!/:4.1.7.RELEASE]
	at org.springframework.boot.context.embedded.EmbeddedWebApplicationContext.getEmbeddedServletContainerFactory(EmbeddedWebApplicationContext.java:193) [spring-boot-1.2.5.RELEASE.jar!/:1.2.5.RELEASE]
	at org.springframework.boot.context.embedded.EmbeddedWebApplicationContext.createEmbeddedServletContainer(EmbeddedWebApplicationContext.java:156) [spring-boot-1.2.5.RELEASE.jar!/:1.2.5.RELEASE]
	at org.springframework.boot.context.embedded.EmbeddedWebApplicationContext.onRefresh(EmbeddedWebApplicationContext.java:130) [spring-boot-1.2.5.RELEASE.jar!/:1.2.5.RELEASE]
	... 12 common frames omitted
Caused by: java.lang.IllegalArgumentException: ContextPath must start with '/ and not end with '/'
	at org.springframework.boot.context.embedded.AbstractConfigurableEmbeddedServletContainer.checkContextPath(AbstractConfigurableEmbeddedServletContainer.java:108) ~[spring-boot-1.2.5.RELEASE.jar!/:1.2.5.RELEASE]
	at org.springframework.boot.context.embedded.AbstractConfigurableEmbeddedServletContainer.setContextPath(AbstractConfigurableEmbeddedServletContainer.java:96) ~[spring-boot-1.2.5.RELEASE.jar!/:1.2.5.RELEASE]
	at org.springframework.boot.autoconfigure.web.ServerProperties.customize(ServerProperties.java:202) ~[spring-boot-autoconfigure-1.2.5.RELEASE.jar!/:1.2.5.RELEASE]
	at org.springframework.boot.context.embedded.EmbeddedServletContainerCustomizerBeanPostProcessor.postProcessBeforeInitialization(EmbeddedServletContainerCustomizerBeanPostProcessor.java:67) ~[spring-boot-1.2.5.RELEASE.jar!/:1.2.5.RELEASE]
	at org.springframework.boot.context.embedded.EmbeddedServletContainerCustomizerBeanPostProcessor.postProcessBeforeInitialization(EmbeddedServletContainerCustomizerBeanPostProcessor.java:54) ~[spring-boot-1.2.5.RELEASE.jar!/:1.2.5.RELEASE]
	at org.springframework.beans.factory.support.AbstractAutowireCapableBeanFactory.applyBeanPostProcessorsBeforeInitialization(AbstractAutowireCapableBeanFactory.java:408) ~[spring-beans-4.1.7.RELEASE.jar!/:4.1.7.RELEASE]
	at org.springframework.beans.factory.support.AbstractAutowireCapableBeanFactory.initializeBean(AbstractAutowireCapableBeanFactory.java:1566) ~[spring-beans-4.1.7.RELEASE.jar!/:4.1.7.RELEASE]
	at org.springframework.beans.factory.support.AbstractAutowireCapableBeanFactory.doCreateBean(AbstractAutowireCapableBeanFactory.java:539) ~[spring-beans-4.1.7.RELEASE.jar!/:4.1.7.RELEASE]
	... 20 common frames omitted
2016-10-06 16:46:47,517 INFO  o.s.b.l.ClasspathLoggingApplicationListener - Application failed to start with classpath: [jar:file:/D:/Office/Eclipse/wrkspc/Hygieia-master/api/target/api.jar!/, jar:file:/D:/Office/Eclipse/wrkspc/Hygieia-master/api/target/api.jar!/lib/core-2.0.4-SNAPSHOT.jar!/, jar:file:/D:/Office/Eclipse/wrkspc/Hygieia-master/api/target/api.jar!/lib/spring-boot-1.2.5.RELEASE.jar!/, jar:file:/D:/Office/Eclipse/wrkspc/Hygieia-master/api/target/api.jar!/lib/spring-context-4.1.7.RELEASE.jar!/, jar:file:/D:/Office/Eclipse/wrkspc/Hygieia-master/api/target/api.jar!/lib/commons-codec-1.9.jar!/, jar:file:/D:/Office/Eclipse/wrkspc/Hygieia-master/api/target/api.jar!/lib/spring-test-4.1.7.RELEASE.jar!/, jar:file:/D:/Office/Eclipse/wrkspc/Hygieia-master/api/target/api.jar!/lib/spring-data-mongodb-1.8.0.RELEASE.jar!/, jar:file:/D:/Office/Eclipse/wrkspc/Hygieia-master/api/target/api.jar!/lib/spring-tx-4.1.7.RELEASE.jar!/, jar:file:/D:/Office/Eclipse/wrkspc/Hygieia-master/api/target/api.jar!/lib/spring-beans-4.1.7.RELEASE.jar!/, jar:file:/D:/Office/Eclipse/wrkspc/Hygieia-master/api/target/api.jar!/lib/spring-expression-4.1.7.RELEASE.jar!/, jar:file:/D:/Office/Eclipse/wrkspc/Hygieia-master/api/target/api.jar!/lib/spring-data-commons-1.11.0.RELEASE.jar!/, jar:file:/D:/Office/Eclipse/wrkspc/Hygieia-master/api/target/api.jar!/lib/mongo-java-driver-3.0.2.jar!/, jar:file:/D:/Office/Eclipse/wrkspc/Hygieia-master/api/target/api.jar!/lib/jcl-over-slf4j-1.7.12.jar!/, jar:file:/D:/Office/Eclipse/wrkspc/Hygieia-master/api/target/api.jar!/lib/querydsl-jpa-3.6.0.jar!/, jar:file:/D:/Office/Eclipse/wrkspc/Hygieia-master/api/target/api.jar!/lib/querydsl-core-3.6.0.jar!/, jar:file:/D:/Office/Eclipse/wrkspc/Hygieia-master/api/target/api.jar!/lib/jsr305-1.3.9.jar!/, jar:file:/D:/Office/Eclipse/wrkspc/Hygieia-master/api/target/api.jar!/lib/mysema-commons-lang-0.2.4.jar!/, jar:file:/D:/Office/Eclipse/wrkspc/Hygieia-master/api/target/api.jar!/lib/bridge-method-annotation-1.13.jar!/, jar:file:/D:/Office/Eclipse/wrkspc/Hygieia-master/api/target/api.jar!/lib/querydsl-apt-3.6.0.jar!/, jar:file:/D:/Office/Eclipse/wrkspc/Hygieia-master/api/target/api.jar!/lib/querydsl-codegen-3.6.0.jar!/, jar:file:/D:/Office/Eclipse/wrkspc/Hygieia-master/api/target/api.jar!/lib/codegen-0.6.5.jar!/, jar:file:/D:/Office/Eclipse/wrkspc/Hygieia-master/api/target/api.jar!/lib/ecj-4.3.1.jar!/, jar:file:/D:/Office/Eclipse/wrkspc/Hygieia-master/api/target/api.jar!/lib/javax.inject-1.jar!/, jar:file:/D:/Office/Eclipse/wrkspc/Hygieia-master/api/target/api.jar!/lib/querydsl-mongodb-3.6.0.jar!/, jar:file:/D:/Office/Eclipse/wrkspc/Hygieia-master/api/target/api.jar!/lib/json-simple-1.1.1.jar!/, jar:file:/D:/Office/Eclipse/wrkspc/Hygieia-master/api/target/api.jar!/lib/spring-boot-starter-web-1.2.5.RELEASE.jar!/, jar:file:/D:/Office/Eclipse/wrkspc/Hygieia-master/api/target/api.jar!/lib/spring-boot-starter-1.2.5.RELEASE.jar!/, jar:file:/D:/Office/Eclipse/wrkspc/Hygieia-master/api/target/api.jar!/lib/spring-boot-autoconfigure-1.2.5.RELEASE.jar!/, jar:file:/D:/Office/Eclipse/wrkspc/Hygieia-master/api/target/api.jar!/lib/spring-boot-starter-logging-1.2.5.RELEASE.jar!/, jar:file:/D:/Office/Eclipse/wrkspc/Hygieia-master/api/target/api.jar!/lib/jul-to-slf4j-1.7.12.jar!/, jar:file:/D:/Office/Eclipse/wrkspc/Hygieia-master/api/target/api.jar!/lib/log4j-over-slf4j-1.7.12.jar!/, jar:file:/D:/Office/Eclipse/wrkspc/Hygieia-master/api/target/api.jar!/lib/snakeyaml-1.14.jar!/, jar:file:/D:/Office/Eclipse/wrkspc/Hygieia-master/api/target/api.jar!/lib/spring-boot-starter-tomcat-1.2.5.RELEASE.jar!/, jar:file:/D:/Office/Eclipse/wrkspc/Hygieia-master/api/target/api.jar!/lib/tomcat-embed-core-8.0.23.jar!/, jar:file:/D:/Office/Eclipse/wrkspc/Hygieia-master/api/target/api.jar!/lib/tomcat-embed-el-8.0.23.jar!/, jar:file:/D:/Office/Eclipse/wrkspc/Hygieia-master/api/target/api.jar!/lib/tomcat-embed-logging-juli-8.0.23.jar!/, jar:file:/D:/Office/Eclipse/wrkspc/Hygieia-master/api/target/api.jar!/lib/tomcat-embed-websocket-8.0.23.jar!/, jar:file:/D:/Office/Eclipse/wrkspc/Hygieia-master/api/target/api.jar!/lib/spring-core-4.1.7.RELEASE.jar!/, jar:file:/D:/Office/Eclipse/wrkspc/Hygieia-master/api/target/api.jar!/lib/spring-web-4.1.7.RELEASE.jar!/, jar:file:/D:/Office/Eclipse/wrkspc/Hygieia-master/api/target/api.jar!/lib/spring-aop-4.1.7.RELEASE.jar!/, jar:file:/D:/Office/Eclipse/wrkspc/Hygieia-master/api/target/api.jar!/lib/aopalliance-1.0.jar!/, jar:file:/D:/Office/Eclipse/wrkspc/Hygieia-master/api/target/api.jar!/lib/spring-webmvc-4.1.7.RELEASE.jar!/, jar:file:/D:/Office/Eclipse/wrkspc/Hygieia-master/api/target/api.jar!/lib/validation-api-1.1.0.Final.jar!/, jar:file:/D:/Office/Eclipse/wrkspc/Hygieia-master/api/target/api.jar!/lib/hibernate-validator-5.1.3.Final.jar!/, jar:file:/D:/Office/Eclipse/wrkspc/Hygieia-master/api/target/api.jar!/lib/jboss-logging-3.1.3.GA.jar!/, jar:file:/D:/Office/Eclipse/wrkspc/Hygieia-master/api/target/api.jar!/lib/javax.el-api-3.0.0.jar!/, jar:file:/D:/Office/Eclipse/wrkspc/Hygieia-master/api/target/api.jar!/lib/jackson-databind-2.5.0.jar!/, jar:file:/D:/Office/Eclipse/wrkspc/Hygieia-master/api/target/api.jar!/lib/jackson-annotations-2.5.0.jar!/, jar:file:/D:/Office/Eclipse/wrkspc/Hygieia-master/api/target/api.jar!/lib/jackson-core-2.5.0.jar!/, jar:file:/D:/Office/Eclipse/wrkspc/Hygieia-master/api/target/api.jar!/lib/jackson-core-asl-1.9.13.jar!/, jar:file:/D:/Office/Eclipse/wrkspc/Hygieia-master/api/target/api.jar!/lib/jackson-mapper-asl-1.9.13.jar!/, jar:file:/D:/Office/Eclipse/wrkspc/Hygieia-master/api/target/api.jar!/lib/logback-classic-1.1.3.jar!/, jar:file:/D:/Office/Eclipse/wrkspc/Hygieia-master/api/target/api.jar!/lib/logback-core-1.1.3.jar!/, jar:file:/D:/Office/Eclipse/wrkspc/Hygieia-master/api/target/api.jar!/lib/slf4j-api-1.7.12.jar!/, jar:file:/D:/Office/Eclipse/wrkspc/Hygieia-master/api/target/api.jar!/lib/commons-lang-2.6.jar!/, jar:file:/D:/Office/Eclipse/wrkspc/Hygieia-master/api/target/api.jar!/lib/guava-16.0.1.jar!/, jar:file:/D:/Office/Eclipse/wrkspc/Hygieia-master/api/target/api.jar!/lib/joda-time-2.7.jar!/, jar:file:/D:/Office/Eclipse/wrkspc/Hygieia-master/api/target/api.jar!/lib/springfox-swagger2-2.4.0.jar!/, jar:file:/D:/Office/Eclipse/wrkspc/Hygieia-master/api/target/api.jar!/lib/swagger-annotations-1.5.6.jar!/, jar:file:/D:/Office/Eclipse/wrkspc/Hygieia-master/api/target/api.jar!/lib/swagger-models-1.5.6.jar!/, jar:file:/D:/Office/Eclipse/wrkspc/Hygieia-master/api/target/api.jar!/lib/springfox-spi-2.4.0.jar!/, jar:file:/D:/Office/Eclipse/wrkspc/Hygieia-master/api/target/api.jar!/lib/springfox-core-2.4.0.jar!/, jar:file:/D:/Office/Eclipse/wrkspc/Hygieia-master/api/target/api.jar!/lib/springfox-schema-2.4.0.jar!/, jar:file:/D:/Office/Eclipse/wrkspc/Hygieia-master/api/target/api.jar!/lib/springfox-swagger-common-2.4.0.jar!/, jar:file:/D:/Office/Eclipse/wrkspc/Hygieia-master/api/target/api.jar!/lib/springfox-spring-web-2.4.0.jar!/, jar:file:/D:/Office/Eclipse/wrkspc/Hygieia-master/api/target/api.jar!/lib/spring-plugin-core-1.1.0.RELEASE.jar!/, jar:file:/D:/Office/Eclipse/wrkspc/Hygieia-master/api/target/api.jar!/lib/spring-plugin-metadata-1.2.0.RELEASE.jar!/, jar:file:/D:/Office/Eclipse/wrkspc/Hygieia-master/api/target/api.jar!/lib/springfox-swagger-ui-2.4.0.jar!/, jar:file:/D:/Office/Eclipse/wrkspc/Hygieia-master/api/target/api.jar!/lib/classmate-1.3.1.jar!/, jar:file:/D:/Office/Eclipse/wrkspc/Hygieia-master/api/target/api.jar!/lib/joda-convert-1.8.1.jar!/, jar:file:/D:/Office/Eclipse/wrkspc/Hygieia-master/api/target/api.jar!/lib/commons-io-2.1.jar!/, jar:file:/D:/Office/Eclipse/wrkspc/Hygieia-master/api/target/api.jar!/lib/commons-beanutils-1.9.2.jar!/, jar:file:/D:/Office/Eclipse/wrkspc/Hygieia-master/api/target/api.jar!/lib/commons-collections-3.2.1.jar!/]
2016-10-06 16:46:47,549 ERROR o.s.boot.SpringApplication - Application startup failed
org.springframework.context.ApplicationContextException: Unable to start embedded container; nested exception is org.springframework.beans.factory.BeanCreationException: Error creating bean with name 'tomcatEmbeddedServletContainerFactory' defined in class path resource [org/springframework/boot/autoconfigure/web/EmbeddedServletContainerAutoConfiguration$EmbeddedTomcat.class]: Initialization of bean failed; nested exception is java.lang.IllegalArgumentException: ContextPath must start with '/ and not end with '/'
	at org.springframework.boot.context.embedded.EmbeddedWebApplicationContext.onRefresh(EmbeddedWebApplicationContext.java:133) ~[spring-boot-1.2.5.RELEASE.jar!/:1.2.5.RELEASE]
	at org.springframework.context.support.AbstractApplicationContext.refresh(AbstractApplicationContext.java:474) ~[spring-context-4.1.7.RELEASE.jar!/:4.1.7.RELEASE]
	at org.springframework.boot.context.embedded.EmbeddedWebApplicationContext.refresh(EmbeddedWebApplicationContext.java:118) ~[spring-boot-1.2.5.RELEASE.jar!/:1.2.5.RELEASE]
	at org.springframework.boot.SpringApplication.refresh(SpringApplication.java:686) ~[spring-boot-1.2.5.RELEASE.jar!/:1.2.5.RELEASE]
	at org.springframework.boot.SpringApplication.run(SpringApplication.java:320) ~[spring-boot-1.2.5.RELEASE.jar!/:1.2.5.RELEASE]
	at org.springframework.boot.builder.SpringApplicationBuilder.run(SpringApplicationBuilder.java:139) [spring-boot-1.2.5.RELEASE.jar!/:1.2.5.RELEASE]
	at com.capitalone.dashboard.Application.main(Application.java:41) [api.jar!/:2.0.4-SNAPSHOT]
	at sun.reflect.NativeMethodAccessorImpl.invoke0(Native Method) ~[na:1.8.0_74]
	at sun.reflect.NativeMethodAccessorImpl.invoke(Unknown Source) ~[na:1.8.0_74]
	at sun.reflect.DelegatingMethodAccessorImpl.invoke(Unknown Source) ~[na:1.8.0_74]
	at java.lang.reflect.Method.invoke(Unknown Source) ~[na:1.8.0_74]
	at org.springframework.boot.loader.MainMethodRunner.run(MainMethodRunner.java:53) [api.jar!/:2.0.4-SNAPSHOT]
	at java.lang.Thread.run(Unknown Source) [na:1.8.0_74]
Caused by: org.springframework.beans.factory.BeanCreationException: Error creating bean with name 'tomcatEmbeddedServletContainerFactory' defined in class path resource [org/springframework/boot/autoconfigure/web/EmbeddedServletContainerAutoConfiguration$EmbeddedTomcat.class]: Initialization of bean failed; nested exception is java.lang.IllegalArgumentException: ContextPath must start with '/ and not end with '/'
	at org.springframework.beans.factory.support.AbstractAutowireCapableBeanFactory.doCreateBean(AbstractAutowireCapableBeanFactory.java:547) ~[spring-beans-4.1.7.RELEASE.jar!/:4.1.7.RELEASE]
	at org.springframework.beans.factory.support.AbstractAutowireCapableBeanFactory.createBean(AbstractAutowireCapableBeanFactory.java:476) ~[spring-beans-4.1.7.RELEASE.jar!/:4.1.7.RELEASE]
	at org.springframework.beans.factory.support.AbstractBeanFactory$1.getObject(AbstractBeanFactory.java:303) ~[spring-beans-4.1.7.RELEASE.jar!/:4.1.7.RELEASE]
	at org.springframework.beans.factory.support.DefaultSingletonBeanRegistry.getSingleton(DefaultSingletonBeanRegistry.java:230) ~[spring-beans-4.1.7.RELEASE.jar!/:4.1.7.RELEASE]
	at org.springframework.beans.factory.support.AbstractBeanFactory.doGetBean(AbstractBeanFactory.java:299) ~[spring-beans-4.1.7.RELEASE.jar!/:4.1.7.RELEASE]
	at org.springframework.beans.factory.support.AbstractBeanFactory.getBean(AbstractBeanFactory.java:199) ~[spring-beans-4.1.7.RELEASE.jar!/:4.1.7.RELEASE]
	at org.springframework.boot.context.embedded.EmbeddedWebApplicationContext.getEmbeddedServletContainerFactory(EmbeddedWebApplicationContext.java:193) ~[spring-boot-1.2.5.RELEASE.jar!/:1.2.5.RELEASE]
	at org.springframework.boot.context.embedded.EmbeddedWebApplicationContext.createEmbeddedServletContainer(EmbeddedWebApplicationContext.java:156) ~[spring-boot-1.2.5.RELEASE.jar!/:1.2.5.RELEASE]
	at org.springframework.boot.context.embedded.EmbeddedWebApplicationContext.onRefresh(EmbeddedWebApplicationContext.java:130) ~[spring-boot-1.2.5.RELEASE.jar!/:1.2.5.RELEASE]
	... 12 common frames omitted
Caused by: java.lang.IllegalArgumentException: ContextPath must start with '/ and not end with '/'
	at org.springframework.boot.context.embedded.AbstractConfigurableEmbeddedServletContainer.checkContextPath(AbstractConfigurableEmbeddedServletContainer.java:108) ~[spring-boot-1.2.5.RELEASE.jar!/:1.2.5.RELEASE]
	at org.springframework.boot.context.embedded.AbstractConfigurableEmbeddedServletContainer.setContextPath(AbstractConfigurableEmbeddedServletContainer.java:96) ~[spring-boot-1.2.5.RELEASE.jar!/:1.2.5.RELEASE]
	at org.springframework.boot.autoconfigure.web.ServerProperties.customize(ServerProperties.java:202) ~[spring-boot-autoconfigure-1.2.5.RELEASE.jar!/:1.2.5.RELEASE]
	at org.springframework.boot.context.embedded.EmbeddedServletContainerCustomizerBeanPostProcessor.postProcessBeforeInitialization(EmbeddedServletContainerCustomizerBeanPostProcessor.java:67) ~[spring-boot-1.2.5.RELEASE.jar!/:1.2.5.RELEASE]
	at org.springframework.boot.context.embedded.EmbeddedServletContainerCustomizerBeanPostProcessor.postProcessBeforeInitialization(EmbeddedServletContainerCustomizerBeanPostProcessor.java:54) ~[spring-boot-1.2.5.RELEASE.jar!/:1.2.5.RELEASE]
	at org.springframework.beans.factory.support.AbstractAutowireCapableBeanFactory.applyBeanPostProcessorsBeforeInitialization(AbstractAutowireCapableBeanFactory.java:408) ~[spring-beans-4.1.7.RELEASE.jar!/:4.1.7.RELEASE]
	at org.springframework.beans.factory.support.AbstractAutowireCapableBeanFactory.initializeBean(AbstractAutowireCapableBeanFactory.java:1566) ~[spring-beans-4.1.7.RELEASE.jar!/:4.1.7.RELEASE]
	at org.springframework.beans.factory.support.AbstractAutowireCapableBeanFactory.doCreateBean(AbstractAutowireCapableBeanFactory.java:539) ~[spring-beans-4.1.7.RELEASE.jar!/:4.1.7.RELEASE]
	... 20 common frames omitted
2016-10-06 16:48:35,041 INFO  com.capitalone.dashboard.Application - Starting Application v2.0.4-SNAPSHOT on LT060017 with PID 9412 (D:\Office\Eclipse\wrkspc\Hygieia-master\api\target\api.jar started by 600870 in D:\Office\Eclipse\wrkspc\Hygieia-master\collectors\build\sonar)
2016-10-06 16:48:35,181 INFO  o.s.b.c.e.AnnotationConfigEmbeddedWebApplicationContext - Refreshing org.springframework.boot.context.embedded.AnnotationConfigEmbeddedWebApplicationContext@1a67c83f: startup date [Thu Oct 06 16:48:35 IST 2016]; root of context hierarchy
2016-10-06 16:48:39,070 INFO  o.s.b.f.a.AutowiredAnnotationBeanPostProcessor - JSR-330 'javax.inject.Inject' annotation found and supported for autowiring
2016-10-06 16:48:39,242 INFO  o.h.validator.internal.util.Version - HV000001: Hibernate Validator 5.1.3.Final
2016-10-06 16:48:41,192 INFO  o.s.b.c.e.t.TomcatEmbeddedServletContainer - Tomcat initialized with port(s): 200 (http)
2016-10-06 16:48:41,738 INFO  o.a.catalina.core.StandardService - Starting service Tomcat
2016-10-06 16:48:41,738 INFO  o.a.catalina.core.StandardEngine - Starting Servlet Engine: Apache Tomcat/8.0.23
2016-10-06 16:48:42,549 INFO  o.a.c.c.C.[.[localhost].[/api] - Initializing Spring embedded WebApplicationContext
2016-10-06 16:48:42,549 INFO  o.s.web.context.ContextLoader - Root WebApplicationContext: initialization completed in 7368 ms
2016-10-06 16:48:43,173 INFO  c.c.dashboard.config.MongoConfig - ReplicaSetfalse
2016-10-06 16:48:43,173 INFO  c.c.dashboard.config.MongoConfig - Initializing Mongo Client server at: ctsc00717804101:27017
2016-10-06 16:48:43,673 INFO  org.mongodb.driver.cluster - Cluster created with settings {hosts=[ctsc00717804101:27017], mode=SINGLE, requiredClusterType=UNKNOWN, serverSelectionTimeout='30000 ms', maxWaitQueueSize=500}
2016-10-06 16:48:43,814 INFO  c.c.dashboard.config.MongoConfig - Connecting to Mongo: Mongo{options=MongoClientOptions{description='null', readPreference=primary, writeConcern=WriteConcern{w=1, wtimeout=0, fsync=false, j=false, codecRegistry=org.bson.codecs.configuration.ProvidersCodecRegistry@1589ed2, minConnectionsPerHost=0, maxConnectionsPerHost=100, threadsAllowedToBlockForConnectionMultiplier=5, serverSelectionTimeout=30000, maxWaitTime=120000, maxConnectionIdleTime=0, maxConnectionLifeTime=0, connectTimeout=10000, socketTimeout=0, socketKeepAlive=false, sslEnabled=false, sslInvalidHostNamesAllowed=false, alwaysUseMBeans=false, heartbeatFrequency=10000, minHeartbeatFrequency=500, heartbeatConnectTimeout=20000, heartbeatSocketTimeout=20000, localThreshold=15, requiredReplicaSetName='null', dbDecoderFactory=com.mongodb.DefaultDBDecoder$1@17e76d31, dbEncoderFactory=com.mongodb.DefaultDBEncoder$1@98add10, socketFactory=javax.net.DefaultSocketFactory@500c698d, cursorFinalizerEnabled=true, connectionPoolSettings=ConnectionPoolSettings{maxSize=100, minSize=0, maxWaitQueueSize=500, maxWaitTimeMS=120000, maxConnectionLifeTimeMS=0, maxConnectionIdleTimeMS=0, maintenanceInitialDelayMS=0, maintenanceFrequencyMS=60000}, socketSettings=SocketSettings{connectTimeoutMS=10000, readTimeoutMS=0, keepAlive=false, receiveBufferSize=0, sendBufferSize=0}, serverSettings=ServerSettings{heartbeatFrequencyMS=10000, minHeartbeatFrequencyMS=500}, heartbeatSocketSettings=SocketSettings{connectTimeoutMS=20000, readTimeoutMS=20000, keepAlive=false, receiveBufferSize=0, sendBufferSize=0}}}
2016-10-06 16:48:44,284 INFO  o.s.b.c.e.ServletRegistrationBean - Mapping servlet: 'dispatcherServlet' to [/]
2016-10-06 16:48:44,315 INFO  o.s.b.c.e.FilterRegistrationBean - Mapping filter: 'characterEncodingFilter' to: [/*]
2016-10-06 16:48:44,330 INFO  o.s.b.c.e.FilterRegistrationBean - Mapping filter: 'loggingFilter' to: [/*]
2016-10-06 16:48:44,658 INFO  org.mongodb.driver.cluster - No server chosen by PrimaryServerSelector from cluster description ClusterDescription{type=UNKNOWN, connectionMode=SINGLE, all=[ServerDescription{address=ctsc00717804101:27017, type=UNKNOWN, state=CONNECTING}]}. Waiting for 30000 ms before timing out
2016-10-06 16:48:45,376 INFO  org.mongodb.driver.connection - Opened connection [connectionId{localValue:1, serverValue:11}] to ctsc00717804101:27017
2016-10-06 16:48:45,438 INFO  org.mongodb.driver.cluster - Monitor thread successfully connected to server with description ServerDescription{address=ctsc00717804101:27017, type=STANDALONE, state=CONNECTED, ok=true, version=ServerVersion{versionList=[3, 2, 5]}, minWireVersion=0, maxWireVersion=4, electionId=null, maxDocumentSize=16777216, roundTripTimeNanos=61029623}
2016-10-06 16:48:45,984 INFO  org.mongodb.driver.connection - Opened connection [connectionId{localValue:2, serverValue:12}] to ctsc00717804101:27017
2016-10-06 16:48:51,038 INFO  o.s.w.s.m.m.a.RequestMappingHandlerMapping - Mapped "{[/updateUser],methods=[POST],consumes=[application/json],produces=[application/json]}" onto public org.springframework.http.ResponseEntity<java.lang.String> com.capitalone.dashboard.rest.AuthenticationController.updateUser(com.capitalone.dashboard.request.AuthenticationRequest)
2016-10-06 16:48:51,038 INFO  o.s.w.s.m.m.a.RequestMappingHandlerMapping - Mapped "{[/authenticateUser],methods=[POST],consumes=[application/json],produces=[application/json]}" onto public org.springframework.http.ResponseEntity<java.lang.Boolean> com.capitalone.dashboard.rest.AuthenticationController.authenticateUser(com.capitalone.dashboard.request.AuthenticationRequest)
2016-10-06 16:48:51,054 INFO  o.s.w.s.m.m.a.RequestMappingHandlerMapping - Mapped "{[/registerUser],methods=[POST],consumes=[application/json],produces=[application/json]}" onto public org.springframework.http.ResponseEntity<java.lang.String> com.capitalone.dashboard.rest.AuthenticationController.registerUser(com.capitalone.dashboard.request.AuthenticationRequest)
2016-10-06 16:48:51,054 INFO  o.s.w.s.m.m.a.RequestMappingHandlerMapping - Mapped "{[/artifact],methods=[POST],consumes=[application/json],produces=[application/json]}" onto public org.springframework.http.ResponseEntity<java.lang.String> com.capitalone.dashboard.rest.BinaryArtifactController.create(com.capitalone.dashboard.request.BinaryArtifactCreateRequest) throws com.capitalone.dashboard.misc.HygieiaException
2016-10-06 16:48:51,054 INFO  o.s.w.s.m.m.a.RequestMappingHandlerMapping - Mapped "{[/artifact],methods=[GET],produces=[application/json]}" onto public com.capitalone.dashboard.model.DataResponse<java.lang.Iterable<com.capitalone.dashboard.model.BinaryArtifact>> com.capitalone.dashboard.rest.BinaryArtifactController.search(com.capitalone.dashboard.request.BinaryArtifactSearchRequest)
2016-10-06 16:48:51,054 INFO  o.s.w.s.m.m.a.RequestMappingHandlerMapping - Mapped "{[/build],methods=[GET],produces=[application/json]}" onto public com.capitalone.dashboard.model.DataResponse<java.lang.Iterable<com.capitalone.dashboard.model.Build>> com.capitalone.dashboard.rest.BuildController.builds(com.capitalone.dashboard.request.BuildSearchRequest)
2016-10-06 16:48:51,054 INFO  o.s.w.s.m.m.a.RequestMappingHandlerMapping - Mapped "{[/build],methods=[POST],consumes=[application/json],produces=[application/json]}" onto public org.springframework.http.ResponseEntity<java.lang.String> com.capitalone.dashboard.rest.BuildController.createBuild(com.capitalone.dashboard.request.BuildDataCreateRequest) throws com.capitalone.dashboard.misc.HygieiaException
2016-10-06 16:48:51,069 INFO  o.s.w.s.m.m.a.RequestMappingHandlerMapping - Mapped "{[/cloud/instance/history/account/{accountNumber}],methods=[GET],produces=[application/json]}" onto public org.springframework.http.ResponseEntity<java.util.Collection<com.capitalone.dashboard.model.CloudInstanceHistory>> com.capitalone.dashboard.rest.CloudInstanceController.getInstanceAggregatedDataByAccount(java.lang.String)
2016-10-06 16:48:51,069 INFO  o.s.w.s.m.m.a.RequestMappingHandlerMapping - Mapped "{[/cloud/instance/create],methods=[POST],consumes=[application/json],produces=[application/json]}" onto public org.springframework.http.ResponseEntity<java.util.List<java.lang.String>> com.capitalone.dashboard.rest.CloudInstanceController.upsertInstance(java.util.List<com.capitalone.dashboard.request.CloudInstanceCreateRequest>) throws com.capitalone.dashboard.misc.HygieiaException
2016-10-06 16:48:51,069 INFO  o.s.w.s.m.m.a.RequestMappingHandlerMapping - Mapped "{[/cloud/instance/refresh],methods=[POST],consumes=[application/json],produces=[application/json]}" onto public org.springframework.http.ResponseEntity<java.util.Collection<java.lang.String>> com.capitalone.dashboard.rest.CloudInstanceController.refreshInstances(com.capitalone.dashboard.request.CloudInstanceListRefreshRequest)
2016-10-06 16:48:51,069 INFO  o.s.w.s.m.m.a.RequestMappingHandlerMapping - Mapped "{[/cloud/instance/details/component/{componentId}],methods=[GET],produces=[application/json]}" onto public org.springframework.http.ResponseEntity<java.util.Collection<com.capitalone.dashboard.model.CloudInstance>> com.capitalone.dashboard.rest.CloudInstanceController.getInstanceDetailsByComponentId(java.lang.String)
2016-10-06 16:48:51,085 INFO  o.s.w.s.m.m.a.RequestMappingHandlerMapping - Mapped "{[/cloud/instance/details/account/{accountNumber}],methods=[GET],produces=[application/json]}" onto public org.springframework.http.ResponseEntity<java.util.Collection<com.capitalone.dashboard.model.CloudInstance>> com.capitalone.dashboard.rest.CloudInstanceController.getInstanceDetailsByAccount(java.lang.String)
2016-10-06 16:48:51,085 INFO  o.s.w.s.m.m.a.RequestMappingHandlerMapping - Mapped "{[/cloud/instance/details/instances/{instanceIds}],methods=[GET],produces=[application/json]}" onto public org.springframework.http.ResponseEntity<java.util.Collection<com.capitalone.dashboard.model.CloudInstance>> com.capitalone.dashboard.rest.CloudInstanceController.getInstanceDetailsByInstanceIds(java.util.List<java.lang.String>)
2016-10-06 16:48:51,085 INFO  o.s.w.s.m.m.a.RequestMappingHandlerMapping - Mapped "{[/cloud/instance/details/tags],methods=[POST],consumes=[application/json],produces=[application/json]}" onto public org.springframework.http.ResponseEntity<java.util.Collection<com.capitalone.dashboard.model.CloudInstance>> com.capitalone.dashboard.rest.CloudInstanceController.getInstanceDetailsByTags(java.util.List<com.capitalone.dashboard.model.NameValue>)
2016-10-06 16:48:51,085 INFO  o.s.w.s.m.m.a.RequestMappingHandlerMapping - Mapped "{[/cloud/subnet/details/component/{componentId}],methods=[GET],produces=[application/json]}" onto public org.springframework.http.ResponseEntity<java.util.Collection<com.capitalone.dashboard.model.CloudSubNetwork>> com.capitalone.dashboard.rest.CloudSubnetController.getSubNetworkDetailsByComponentId(java.lang.String)
2016-10-06 16:48:51,101 INFO  o.s.w.s.m.m.a.RequestMappingHandlerMapping - Mapped "{[/cloud/subnet/refresh],methods=[POST],consumes=[application/json],produces=[application/json]}" onto public org.springframework.http.ResponseEntity<java.util.Collection<java.lang.String>> com.capitalone.dashboard.rest.CloudSubnetController.refreshInstances(com.capitalone.dashboard.request.CloudInstanceListRefreshRequest)
2016-10-06 16:48:51,101 INFO  o.s.w.s.m.m.a.RequestMappingHandlerMapping - Mapped "{[/cloud/subnet/create],methods=[POST],consumes=[application/json],produces=[application/json]}" onto public org.springframework.http.ResponseEntity<java.util.List<java.lang.String>> com.capitalone.dashboard.rest.CloudSubnetController.upsertSubNetwork(java.util.List<com.capitalone.dashboard.request.CloudSubnetCreateRequest>)
2016-10-06 16:48:51,101 INFO  o.s.w.s.m.m.a.RequestMappingHandlerMapping - Mapped "{[/cloud/subnet/details/account/{accountNumber}],methods=[GET],produces=[application/json]}" onto public org.springframework.http.ResponseEntity<java.util.Collection<com.capitalone.dashboard.model.CloudSubNetwork>> com.capitalone.dashboard.rest.CloudSubnetController.getSubNetworkDetailsByAccount(java.lang.String)
2016-10-06 16:48:51,101 INFO  o.s.w.s.m.m.a.RequestMappingHandlerMapping - Mapped "{[/cloud/subnet/details/subnets/{subnetIds}],methods=[GET],produces=[application/json]}" onto public org.springframework.http.ResponseEntity<java.util.Collection<com.capitalone.dashboard.model.CloudSubNetwork>> com.capitalone.dashboard.rest.CloudSubnetController.getSubNetworkDetailsBySubnetIds(java.util.List<java.lang.String>)
2016-10-06 16:48:51,116 INFO  o.s.w.s.m.m.a.RequestMappingHandlerMapping - Mapped "{[/cloud/subnet/details/tags],methods=[POST],consumes=[application/json],produces=[application/json]}" onto public org.springframework.http.ResponseEntity<java.util.Collection<com.capitalone.dashboard.model.CloudSubNetwork>> com.capitalone.dashboard.rest.CloudSubnetController.getSubNetworkDetailsByTag(java.util.List<com.capitalone.dashboard.model.NameValue>)
2016-10-06 16:48:51,116 INFO  o.s.w.s.m.m.a.RequestMappingHandlerMapping - Mapped "{[/cloud/subnet/aggregate/{componentId}],methods=[GET],produces=[application/json]}" onto public org.springframework.http.ResponseEntity<com.capitalone.dashboard.response.CloudSubNetworkAggregatedResponse> com.capitalone.dashboard.rest.CloudSubnetController.getSubNetworkAggregatedData(java.lang.String)
2016-10-06 16:48:51,132 INFO  o.s.w.s.m.m.a.RequestMappingHandlerMapping - Mapped "{[/cloud/virtualnetwork/create],methods=[POST],consumes=[application/json],produces=[application/json]}" onto public org.springframework.http.ResponseEntity<java.util.List<org.bson.types.ObjectId>> com.capitalone.dashboard.rest.CloudVirtualNetworkController.upsertVirtualNetwork(java.util.List<com.capitalone.dashboard.model.CloudVirtualNetwork>)
2016-10-06 16:48:51,132 INFO  o.s.w.s.m.m.a.RequestMappingHandlerMapping - Mapped "{[/cloud/virtualnetwork/details/netrwork/{virtualNetworkId}],methods=[GET],produces=[application/json]}" onto public org.springframework.http.ResponseEntity<com.capitalone.dashboard.model.CloudVirtualNetwork> com.capitalone.dashboard.rest.CloudVirtualNetworkController.getVirtualNetworkDetails(java.lang.String)
2016-10-06 16:48:51,132 INFO  o.s.w.s.m.m.a.RequestMappingHandlerMapping - Mapped "{[/cloud/virtualnetwork/details/component/{componentId}],methods=[GET],produces=[application/json]}" onto public org.springframework.http.ResponseEntity<java.util.Collection<com.capitalone.dashboard.model.CloudVirtualNetwork>> com.capitalone.dashboard.rest.CloudVirtualNetworkController.getVirtualNetworkDetails(org.bson.types.ObjectId)
2016-10-06 16:48:51,132 INFO  o.s.w.s.m.m.a.RequestMappingHandlerMapping - Mapped "{[/cloud/virtualnetwork/aggregate/component/{componentId}],methods=[GET],produces=[application/json]}" onto public org.springframework.http.ResponseEntity<com.capitalone.dashboard.response.CloudVirtualNetworkAggregatedResponse> com.capitalone.dashboard.rest.CloudVirtualNetworkController.getVirtualNetworkAggregatedData(org.bson.types.ObjectId)
2016-10-06 16:48:51,147 INFO  o.s.w.s.m.m.a.RequestMappingHandlerMapping - Mapped "{[/cloud/volume/create],methods=[POST],consumes=[application/json],produces=[application/json]}" onto public org.springframework.http.ResponseEntity<java.util.List<java.lang.String>> com.capitalone.dashboard.rest.CloudVolumeController.upsertVolume(java.util.List<com.capitalone.dashboard.request.CloudVolumeCreateRequest>)
2016-10-06 16:48:51,147 INFO  o.s.w.s.m.m.a.RequestMappingHandlerMapping - Mapped "{[/cloud/volume/refresh],methods=[POST],consumes=[application/json],produces=[application/json]}" onto public org.springframework.http.ResponseEntity<java.util.Collection<java.lang.String>> com.capitalone.dashboard.rest.CloudVolumeController.refreshVolumes(com.capitalone.dashboard.request.CloudVolumeListRefreshRequest)
2016-10-06 16:48:51,147 INFO  o.s.w.s.m.m.a.RequestMappingHandlerMapping - Mapped "{[/cloud/volume/details/component/{componentId}],methods=[GET],produces=[application/json]}" onto public org.springframework.http.ResponseEntity<java.util.Collection<com.capitalone.dashboard.model.CloudVolumeStorage>> com.capitalone.dashboard.rest.CloudVolumeController.getVolumeDetailsByComponentId(java.lang.String)
2016-10-06 16:48:51,147 INFO  o.s.w.s.m.m.a.RequestMappingHandlerMapping - Mapped "{[/cloud/volume/details/volumes/{volumeIds}],methods=[GET],produces=[application/json]}" onto public org.springframework.http.ResponseEntity<java.util.Collection<com.capitalone.dashboard.model.CloudVolumeStorage>> com.capitalone.dashboard.rest.CloudVolumeController.getVolumeDetailsByVolumeIds(java.util.List<java.lang.String>)
2016-10-06 16:48:51,147 INFO  o.s.w.s.m.m.a.RequestMappingHandlerMapping - Mapped "{[/cloud/volume/details/instanceIds],methods=[POST],consumes=[application/json],produces=[application/json]}" onto public org.springframework.http.ResponseEntity<java.util.Collection<com.capitalone.dashboard.model.CloudVolumeStorage>> com.capitalone.dashboard.rest.CloudVolumeController.getVolumeDetailsByInstanceIds(java.util.List<java.lang.String>)
2016-10-06 16:48:51,163 INFO  o.s.w.s.m.m.a.RequestMappingHandlerMapping - Mapped "{[/cloud/volume/details/account/{accountNumber}],methods=[GET],produces=[application/json]}" onto public org.springframework.http.ResponseEntity<java.util.Collection<com.capitalone.dashboard.model.CloudVolumeStorage>> com.capitalone.dashboard.rest.CloudVolumeController.getVolumeDetailsByAccount(java.lang.String)
2016-10-06 16:48:51,163 INFO  o.s.w.s.m.m.a.RequestMappingHandlerMapping - Mapped "{[/cloud/volume/details/tags],methods=[POST],consumes=[application/json],produces=[application/json]}" onto public org.springframework.http.ResponseEntity<java.util.Collection<com.capitalone.dashboard.model.CloudVolumeStorage>> com.capitalone.dashboard.rest.CloudVolumeController.getVolumeDetailsByTags(java.util.List<com.capitalone.dashboard.model.NameValue>)
2016-10-06 16:48:51,163 INFO  o.s.w.s.m.m.a.RequestMappingHandlerMapping - Mapped "{[/cloud/volume/aggregate/component/{componentId}],methods=[GET],produces=[application/json]}" onto public org.springframework.http.ResponseEntity<com.capitalone.dashboard.response.CloudVolumeAggregatedResponse> com.capitalone.dashboard.rest.CloudVolumeController.getVolumeAggregatedData(java.lang.String)
2016-10-06 16:48:51,163 INFO  o.s.w.s.m.m.a.RequestMappingHandlerMapping - Mapped "{[/quality],methods=[GET],produces=[application/json]}" onto public com.capitalone.dashboard.model.DataResponse<java.lang.Iterable<com.capitalone.dashboard.model.CodeQuality>> com.capitalone.dashboard.rest.CodeQualityController.qualityData(com.capitalone.dashboard.request.CodeQualityRequest)
2016-10-06 16:48:51,163 INFO  o.s.w.s.m.m.a.RequestMappingHandlerMapping - Mapped "{[/quality/static-analysis],methods=[GET],produces=[application/json]}" onto public com.capitalone.dashboard.model.DataResponse<java.lang.Iterable<com.capitalone.dashboard.model.CodeQuality>> com.capitalone.dashboard.rest.CodeQualityController.qualityStaticAnalysis(com.capitalone.dashboard.request.CodeQualityRequest)
2016-10-06 16:48:51,179 INFO  o.s.w.s.m.m.a.RequestMappingHandlerMapping - Mapped "{[/quality/static-analysis],methods=[POST],consumes=[application/json],produces=[application/json]}" onto public org.springframework.http.ResponseEntity<java.lang.String> com.capitalone.dashboard.rest.CodeQualityController.createStaticAnanlysis(com.capitalone.dashboard.request.CodeQualityCreateRequest) throws com.capitalone.dashboard.misc.HygieiaException
2016-10-06 16:48:51,179 INFO  o.s.w.s.m.m.a.RequestMappingHandlerMapping - Mapped "{[/quality/security-analysis],methods=[GET],produces=[application/json]}" onto public com.capitalone.dashboard.model.DataResponse<java.lang.Iterable<com.capitalone.dashboard.model.CodeQuality>> com.capitalone.dashboard.rest.CodeQualityController.qualitySecurityAnalysis(com.capitalone.dashboard.request.CodeQualityRequest)
2016-10-06 16:48:51,179 INFO  o.s.w.s.m.m.a.RequestMappingHandlerMapping - Mapped "{[/collector/item],methods=[POST],consumes=[application/json],produces=[application/json]}" onto public org.springframework.http.ResponseEntity<com.capitalone.dashboard.model.CollectorItem> com.capitalone.dashboard.rest.CollectorController.createCollectorItem(com.capitalone.dashboard.request.CollectorItemRequest)
2016-10-06 16:48:51,179 INFO  o.s.w.s.m.m.a.RequestMappingHandlerMapping - Mapped "{[/collector/item/type/{collectorType}],methods=[GET],produces=[application/json]}" onto public java.util.List<com.capitalone.dashboard.model.CollectorItem> com.capitalone.dashboard.rest.CollectorController.collectorItemsByType(com.capitalone.dashboard.model.CollectorType)
2016-10-06 16:48:51,194 INFO  o.s.w.s.m.m.a.RequestMappingHandlerMapping - Mapped "{[/collector],methods=[POST],consumes=[application/json],produces=[application/json]}" onto public com.capitalone.dashboard.model.Collector com.capitalone.dashboard.rest.CollectorController.createCollector(com.capitalone.dashboard.request.CollectorRequest)
2016-10-06 16:48:51,194 INFO  o.s.w.s.m.m.a.RequestMappingHandlerMapping - Mapped "{[/collector/type/{collectorType}],methods=[GET],produces=[application/json]}" onto public java.util.List<com.capitalone.dashboard.model.Collector> com.capitalone.dashboard.rest.CollectorController.collectorsByType(com.capitalone.dashboard.model.CollectorType)
2016-10-06 16:48:51,194 INFO  o.s.w.s.m.m.a.RequestMappingHandlerMapping - Mapped "{[/collector/item/{id}],methods=[GET],produces=[application/json]}" onto public org.springframework.http.ResponseEntity<com.capitalone.dashboard.model.CollectorItem> com.capitalone.dashboard.rest.CollectorController.getCollectorItem(org.bson.types.ObjectId)
2016-10-06 16:48:51,194 INFO  o.s.w.s.m.m.a.RequestMappingHandlerMapping - Mapped "{[/dashboard/mydashboard],methods=[GET],produces=[application/json]}" onto public java.util.List<com.capitalone.dashboard.model.Dashboard> com.capitalone.dashboard.rest.DashboardController.getOwnedDashboards(java.lang.String)
2016-10-06 16:48:51,210 INFO  o.s.w.s.m.m.a.RequestMappingHandlerMapping - Mapped "{[/dashboard/myowner/{dashboardtitle}],methods=[GET],produces=[application/json]}" onto public java.lang.String com.capitalone.dashboard.rest.DashboardController.getDashboardOwner(java.lang.String)
2016-10-06 16:48:51,210 INFO  o.s.w.s.m.m.a.RequestMappingHandlerMapping - Mapped "{[/dashboard],methods=[GET],produces=[application/json]}" onto public java.lang.Iterable<com.capitalone.dashboard.model.Dashboard> com.capitalone.dashboard.rest.DashboardController.dashboards()
2016-10-06 16:48:51,210 INFO  o.s.w.s.m.m.a.RequestMappingHandlerMapping - Mapped "{[/dashboard],methods=[POST],consumes=[application/json],produces=[application/json]}" onto public org.springframework.http.ResponseEntity<com.capitalone.dashboard.model.Dashboard> com.capitalone.dashboard.rest.DashboardController.createDashboard(com.capitalone.dashboard.request.DashboardRequest)
2016-10-06 16:48:51,210 INFO  o.s.w.s.m.m.a.RequestMappingHandlerMapping - Mapped "{[/dashboard/{id}],methods=[GET],produces=[application/json]}" onto public com.capitalone.dashboard.model.Dashboard com.capitalone.dashboard.rest.DashboardController.getDashboard(org.bson.types.ObjectId)
2016-10-06 16:48:51,210 INFO  o.s.w.s.m.m.a.RequestMappingHandlerMapping - Mapped "{[/dashboard/{id}],methods=[PUT],consumes=[application/json]}" onto public org.springframework.http.ResponseEntity<java.lang.String> com.capitalone.dashboard.rest.DashboardController.updateDashboard(org.bson.types.ObjectId,com.capitalone.dashboard.request.DashboardRequest)
2016-10-06 16:48:51,225 INFO  o.s.w.s.m.m.a.RequestMappingHandlerMapping - Mapped "{[/dashboard/{id}],methods=[DELETE]}" onto public org.springframework.http.ResponseEntity<java.lang.Void> com.capitalone.dashboard.rest.DashboardController.deleteDashboard(org.bson.types.ObjectId)
2016-10-06 16:48:51,225 INFO  o.s.w.s.m.m.a.RequestMappingHandlerMapping - Mapped "{[/dashboard/{id}/widget],methods=[POST],consumes=[application/json]}" onto public org.springframework.http.ResponseEntity<com.capitalone.dashboard.model.WidgetResponse> com.capitalone.dashboard.rest.DashboardController.addWidget(org.bson.types.ObjectId,com.capitalone.dashboard.request.WidgetRequest)
2016-10-06 16:48:51,225 INFO  o.s.w.s.m.m.a.RequestMappingHandlerMapping - Mapped "{[/dashboard/{id}/widget/{widgetId}],methods=[PUT],consumes=[application/json]}" onto public org.springframework.http.ResponseEntity<com.capitalone.dashboard.model.WidgetResponse> com.capitalone.dashboard.rest.DashboardController.updateWidget(org.bson.types.ObjectId,org.bson.types.ObjectId,com.capitalone.dashboard.request.WidgetRequest)
2016-10-06 16:48:51,225 INFO  o.s.w.s.m.m.a.RequestMappingHandlerMapping - Mapped "{[/deploy],methods=[POST],consumes=[application/json],produces=[application/json]}" onto public org.springframework.http.ResponseEntity<java.lang.String> com.capitalone.dashboard.rest.DeployController.createBuild(com.capitalone.dashboard.request.DeployDataCreateRequest) throws com.capitalone.dashboard.misc.HygieiaException
2016-10-06 16:48:51,225 INFO  o.s.w.s.m.m.a.RequestMappingHandlerMapping - Mapped "{[/deploy/status/{componentId}],methods=[GET],produces=[application/json]}" onto public com.capitalone.dashboard.model.DataResponse<java.util.List<com.capitalone.dashboard.model.deploy.Environment>> com.capitalone.dashboard.rest.DeployController.deployStatus(org.bson.types.ObjectId)
2016-10-06 16:48:51,241 INFO  o.s.w.s.m.m.a.RequestMappingHandlerMapping - Mapped "{[/deploy/status/application/{applicationName}],methods=[GET],produces=[application/json]}" onto public com.capitalone.dashboard.model.DataResponse<java.util.List<com.capitalone.dashboard.model.deploy.Environment>> com.capitalone.dashboard.rest.DeployController.deployStatus(java.lang.String)
2016-10-06 16:48:51,241 INFO  o.s.w.s.m.m.a.RequestMappingHandlerMapping - Mapped "{[/encrypt/{message}],methods=[GET],produces=[application/json]}" onto public org.springframework.http.ResponseEntity<java.lang.String> com.capitalone.dashboard.rest.EncryptionController.encrypt(com.capitalone.dashboard.request.EncryptionRequest)
2016-10-06 16:48:51,241 INFO  o.s.w.s.m.m.a.RequestMappingHandlerMapping - Mapped "{[/iteration/{teamId}],methods=[GET],produces=[application/json]}" onto public com.capitalone.dashboard.model.DataResponse<java.util.List<com.capitalone.dashboard.model.Feature>> com.capitalone.dashboard.rest.FeatureController.currentSprintDetail(java.util.Optional<java.lang.String>,java.lang.String,java.lang.String)
2016-10-06 16:48:51,241 INFO  o.s.w.s.m.m.a.RequestMappingHandlerMapping - Mapped "{[/feature/estimates/total/{teamId}],methods=[GET],produces=[application/json]}" onto public com.capitalone.dashboard.model.DataResponse<java.util.List<com.capitalone.dashboard.model.Feature>> com.capitalone.dashboard.rest.FeatureController.featureTotalEstimate(java.util.Optional<java.lang.String>,java.util.Optional<java.lang.String>,java.lang.String,java.lang.String)
2016-10-06 16:48:51,257 INFO  o.s.w.s.m.m.a.RequestMappingHandlerMapping - Mapped "{[/feature/estimates/wip/{teamId}],methods=[GET],produces=[application/json]}" onto public com.capitalone.dashboard.model.DataResponse<java.util.List<com.capitalone.dashboard.model.Feature>> com.capitalone.dashboard.rest.FeatureController.featureInProgressEstimate(java.util.Optional<java.lang.String>,java.util.Optional<java.lang.String>,java.lang.String,java.lang.String)
2016-10-06 16:48:51,257 INFO  o.s.w.s.m.m.a.RequestMappingHandlerMapping - Mapped "{[/feature/estimates/done/{teamId}],methods=[GET],produces=[application/json]}" onto public com.capitalone.dashboard.model.DataResponse<java.util.List<com.capitalone.dashboard.model.Feature>> com.capitalone.dashboard.rest.FeatureController.featureDoneEstimate(java.util.Optional<java.lang.String>,java.util.Optional<java.lang.String>,java.lang.String,java.lang.String)
2016-10-06 16:48:51,257 INFO  o.s.w.s.m.m.a.RequestMappingHandlerMapping - Mapped "{[/feature/{teamId}],methods=[GET],produces=[application/json]}" onto public com.capitalone.dashboard.model.DataResponse<java.util.List<com.capitalone.dashboard.model.Feature>> com.capitalone.dashboard.rest.FeatureController.relevantStories(java.util.Optional<java.lang.String>,java.lang.String,java.lang.String)
2016-10-06 16:48:51,257 INFO  o.s.w.s.m.m.a.RequestMappingHandlerMapping - Mapped "{[/feature],methods=[GET],produces=[application/json]}" onto public com.capitalone.dashboard.model.DataResponse<java.util.List<com.capitalone.dashboard.model.Feature>> com.capitalone.dashboard.rest.FeatureController.story(java.lang.String,java.lang.String)
2016-10-06 16:48:51,272 INFO  o.s.w.s.m.m.a.RequestMappingHandlerMapping - Mapped "{[/feature/estimates/super/{teamId}],methods=[GET],produces=[application/json]}" onto public com.capitalone.dashboard.model.DataResponse<java.util.List<com.capitalone.dashboard.model.Feature>> com.capitalone.dashboard.rest.FeatureController.featureEstimates(java.util.Optional<java.lang.String>,java.util.Optional<java.lang.String>,java.lang.String,java.lang.String)
2016-10-06 16:48:51,272 INFO  o.s.w.s.m.m.a.RequestMappingHandlerMapping - Mapped "{[/dashboard/{id}/monitor2],methods=[GET],produces=[application/json]}" onto public com.capitalone.dashboard.model.DataResponse<java.util.Map<java.lang.String, java.util.List<com.capitalone.dashboard.model.Monitor2>>> com.capitalone.dashboard.rest.Monitor2Controller.dashboardMonitor2es(org.bson.types.ObjectId)
2016-10-06 16:48:51,272 INFO  o.s.w.s.m.m.a.RequestMappingHandlerMapping - Mapped "{[/dashboard/{id}/monitor2],methods=[POST],consumes=[application/json],produces=[application/json]}" onto public org.springframework.http.ResponseEntity<com.capitalone.dashboard.model.Monitor2> com.capitalone.dashboard.rest.Monitor2Controller.createMonitor2(org.bson.types.ObjectId,com.capitalone.dashboard.request.Monitor2DataCreateRequest)
2016-10-06 16:48:51,272 INFO  o.s.w.s.m.m.a.RequestMappingHandlerMapping - Mapped "{[/dashboard/{id}/monitor2/{monitor2Id}],methods=[PUT],consumes=[application/json]}" onto public org.springframework.http.ResponseEntity<com.capitalone.dashboard.model.Monitor2> com.capitalone.dashboard.rest.Monitor2Controller.updateMonitor2(org.bson.types.ObjectId,org.bson.types.ObjectId,com.capitalone.dashboard.request.Monitor2Request)
2016-10-06 16:48:51,288 INFO  o.s.w.s.m.m.a.RequestMappingHandlerMapping - Mapped "{[/monitor2],methods=[GET],produces=[application/json]}" onto public java.lang.Iterable<com.capitalone.dashboard.model.Monitor2> com.capitalone.dashboard.rest.Monitor2Controller.monitor2es()
2016-10-06 16:48:51,288 INFO  o.s.w.s.m.m.a.RequestMappingHandlerMapping - Mapped "{[/dashboard/{id}/monitor2/{monitor2Id}],methods=[DELETE]}" onto public org.springframework.http.ResponseEntity<java.lang.Void> com.capitalone.dashboard.rest.Monitor2Controller.deleteMonitor2(org.bson.types.ObjectId,org.bson.types.ObjectId)
2016-10-06 16:48:51,288 INFO  o.s.w.s.m.m.a.RequestMappingHandlerMapping - Mapped "{[/appinfo],methods=[GET],produces=[application/json]}" onto public org.springframework.http.ResponseEntity<java.lang.String> com.capitalone.dashboard.rest.PingController.getAppInfo()
2016-10-06 16:48:51,288 INFO  o.s.w.s.m.m.a.RequestMappingHandlerMapping - Mapped "{[/ping],methods=[GET],produces=[application/json]}" onto public org.springframework.http.ResponseEntity<java.lang.Boolean> com.capitalone.dashboard.rest.PingController.ping()
2016-10-06 16:48:51,288 INFO  o.s.w.s.m.m.a.RequestMappingHandlerMapping - Mapped "{[/pipeline],methods=[GET],produces=[application/json]}" onto public java.lang.Iterable<com.capitalone.dashboard.model.PipelineResponse> com.capitalone.dashboard.rest.PipelineController.searchPipelines(com.capitalone.dashboard.request.PipelineSearchRequest)
2016-10-06 16:48:51,303 INFO  o.s.w.s.m.m.a.RequestMappingHandlerMapping - Mapped "{[/scope/{scopeId}],methods=[GET],produces=[application/json]}" onto public com.capitalone.dashboard.model.DataResponse<java.util.List<com.capitalone.dashboard.model.Scope>> com.capitalone.dashboard.rest.ScopeController.scope(java.lang.String,java.lang.String)
2016-10-06 16:48:51,303 INFO  o.s.w.s.m.m.a.RequestMappingHandlerMapping - Mapped "{[/scope],methods=[GET],produces=[application/json]}" onto public com.capitalone.dashboard.model.DataResponse<java.util.List<com.capitalone.dashboard.model.Scope>> com.capitalone.dashboard.rest.ScopeController.allScopes(java.lang.String)
2016-10-06 16:48:51,303 INFO  o.s.w.s.m.m.a.RequestMappingHandlerMapping - Mapped "{[/service],methods=[GET],produces=[application/json]}" onto public java.lang.Iterable<com.capitalone.dashboard.model.Service> com.capitalone.dashboard.rest.ServiceController.services()
2016-10-06 16:48:51,303 INFO  o.s.w.s.m.m.a.RequestMappingHandlerMapping - Mapped "{[/dashboard/{id}/service],methods=[GET],produces=[application/json]}" onto public com.capitalone.dashboard.model.DataResponse<java.util.Map<java.lang.String, java.util.List<com.capitalone.dashboard.model.Service>>> com.capitalone.dashboard.rest.ServiceController.dashboardServices(org.bson.types.ObjectId)
2016-10-06 16:48:51,303 INFO  o.s.w.s.m.m.a.RequestMappingHandlerMapping - Mapped "{[/dashboard/{id}/dependent-service/{serviceId}],methods=[POST],produces=[application/json]}" onto public org.springframework.http.ResponseEntity<com.capitalone.dashboard.model.Service> com.capitalone.dashboard.rest.ServiceController.addDependentService(org.bson.types.ObjectId,org.bson.types.ObjectId)
2016-10-06 16:48:51,303 INFO  o.s.w.s.m.m.a.RequestMappingHandlerMapping - Mapped "{[/dashboard/{id}/dependent-service/{serviceId}],methods=[DELETE]}" onto public org.springframework.http.ResponseEntity<java.lang.Void> com.capitalone.dashboard.rest.ServiceController.deleteDependentService(org.bson.types.ObjectId,org.bson.types.ObjectId)
2016-10-06 16:48:51,319 INFO  o.s.w.s.m.m.a.RequestMappingHandlerMapping - Mapped "{[/dashboard/{id}/service/{serviceId}],methods=[PUT],consumes=[application/json]}" onto public org.springframework.http.ResponseEntity<com.capitalone.dashboard.model.Service> com.capitalone.dashboard.rest.ServiceController.updateService(org.bson.types.ObjectId,org.bson.types.ObjectId,com.capitalone.dashboard.request.ServiceRequest)
2016-10-06 16:48:51,319 INFO  o.s.w.s.m.m.a.RequestMappingHandlerMapping - Mapped "{[/dashboard/{id}/service],methods=[POST],consumes=[application/json],produces=[application/json]}" onto public org.springframework.http.ResponseEntity<com.capitalone.dashboard.model.Service> com.capitalone.dashboard.rest.ServiceController.createService(org.bson.types.ObjectId,java.lang.String)
2016-10-06 16:48:51,319 INFO  o.s.w.s.m.m.a.RequestMappingHandlerMapping - Mapped "{[/dashboard/{id}/service/{serviceId}],methods=[DELETE]}" onto public org.springframework.http.ResponseEntity<java.lang.Void> com.capitalone.dashboard.rest.ServiceController.deleteService(org.bson.types.ObjectId,org.bson.types.ObjectId)
2016-10-06 16:48:51,319 INFO  o.s.w.s.m.m.a.RequestMappingHandlerMapping - Mapped "{[/quality/test],methods=[GET],produces=[application/json]}" onto public com.capitalone.dashboard.model.DataResponse<java.lang.Iterable<com.capitalone.dashboard.model.TestResult>> com.capitalone.dashboard.rest.TestResultController.qualityData(com.capitalone.dashboard.request.TestResultRequest)
2016-10-06 16:48:51,319 INFO  o.s.w.s.m.m.a.RequestMappingHandlerMapping - Mapped "{[/quality/test],methods=[POST],consumes=[application/json],produces=[application/json]}" onto public org.springframework.http.ResponseEntity<java.lang.String> com.capitalone.dashboard.rest.TestResultController.createTest(com.capitalone.dashboard.request.TestDataCreateRequest) throws com.capitalone.dashboard.misc.HygieiaException
2016-10-06 16:48:51,335 INFO  o.s.w.s.m.m.a.RequestMappingHandlerMapping - Mapped "{[/commit],methods=[GET],produces=[application/json]}" onto public com.capitalone.dashboard.model.DataResponse<java.lang.Iterable<com.capitalone.dashboard.model.Commit>> com.capitalone.dashboard.rest.ZCommitController.search(com.capitalone.dashboard.request.CommitRequest)
2016-10-06 16:48:51,335 INFO  o.s.w.s.m.m.a.RequestMappingHandlerMapping - Mapped "{[/commit/github/v3],methods=[POST],consumes=[application/json],produces=[application/json]}" onto public org.springframework.http.ResponseEntity<java.lang.String> com.capitalone.dashboard.rest.ZCommitController.createGitHubv3(org.json.simple.JSONObject) throws org.json.simple.parser.ParseException,com.capitalone.dashboard.misc.HygieiaException
2016-10-06 16:48:51,335 INFO  o.s.w.s.m.m.a.RequestMappingHandlerMapping - Mapped "{[/v2/api-docs],methods=[GET],produces=[application/json || application/hal+json]}" onto public org.springframework.http.ResponseEntity<springfox.documentation.spring.web.json.Json> springfox.documentation.swagger2.web.Swagger2Controller.getDocumentation(java.lang.String,javax.servlet.http.HttpServletRequest)
2016-10-06 16:48:51,350 INFO  o.s.w.s.m.m.a.RequestMappingHandlerMapping - Mapped "{[/configuration/ui]}" onto org.springframework.http.ResponseEntity<springfox.documentation.swagger.web.UiConfiguration> springfox.documentation.swagger.web.ApiResourceController.uiConfiguration()
2016-10-06 16:48:51,350 INFO  o.s.w.s.m.m.a.RequestMappingHandlerMapping - Mapped "{[/swagger-resources]}" onto org.springframework.http.ResponseEntity<java.util.List<springfox.documentation.swagger.web.SwaggerResource>> springfox.documentation.swagger.web.ApiResourceController.swaggerResources()
2016-10-06 16:48:51,350 INFO  o.s.w.s.m.m.a.RequestMappingHandlerMapping - Mapped "{[/configuration/security]}" onto org.springframework.http.ResponseEntity<springfox.documentation.swagger.web.SecurityConfiguration> springfox.documentation.swagger.web.ApiResourceController.securityConfiguration()
2016-10-06 16:48:51,366 INFO  o.s.w.s.m.m.a.RequestMappingHandlerMapping - Mapped "{[/error]}" onto public org.springframework.http.ResponseEntity<java.util.Map<java.lang.String, java.lang.Object>> org.springframework.boot.autoconfigure.web.BasicErrorController.error(javax.servlet.http.HttpServletRequest)
2016-10-06 16:48:51,366 INFO  o.s.w.s.m.m.a.RequestMappingHandlerMapping - Mapped "{[/error],produces=[text/html]}" onto public org.springframework.web.servlet.ModelAndView org.springframework.boot.autoconfigure.web.BasicErrorController.errorHtml(javax.servlet.http.HttpServletRequest)
2016-10-06 16:48:51,631 INFO  o.s.w.s.h.SimpleUrlHandlerMapping - Mapped URL path [/**] onto handler of type [class org.springframework.web.servlet.resource.ResourceHttpRequestHandler]
2016-10-06 16:48:51,647 INFO  o.s.w.s.h.SimpleUrlHandlerMapping - Mapped URL path [/**] onto handler of type [class org.springframework.web.servlet.resource.DefaultServletHttpRequestHandler]
2016-10-06 16:48:52,286 INFO  o.s.w.s.m.m.a.RequestMappingHandlerAdapter - Looking for @ControllerAdvice: org.springframework.boot.context.embedded.AnnotationConfigEmbeddedWebApplicationContext@1a67c83f: startup date [Thu Oct 06 16:48:35 IST 2016]; root of context hierarchy
2016-10-06 16:48:52,395 INFO  o.s.w.s.m.m.a.ExceptionHandlerExceptionResolver - Detected @ExceptionHandler methods in restApiExceptionHandler
2016-10-06 16:48:52,473 INFO  o.s.s.c.ThreadPoolTaskScheduler - Initializing ExecutorService  'taskScheduler'
2016-10-06 16:48:52,520 INFO  c.c.dashboard.config.MongoConfig - ReplicaSetfalse
2016-10-06 16:48:52,520 INFO  c.c.dashboard.config.MongoConfig - Initializing Mongo Client server at: ctsc00717804101:27017
2016-10-06 16:48:52,520 INFO  org.mongodb.driver.cluster - Cluster created with settings {hosts=[ctsc00717804101:27017], mode=SINGLE, requiredClusterType=UNKNOWN, serverSelectionTimeout='30000 ms', maxWaitQueueSize=500}
2016-10-06 16:48:52,536 INFO  c.c.dashboard.config.MongoConfig - Connecting to Mongo: Mongo{options=MongoClientOptions{description='null', readPreference=primary, writeConcern=WriteConcern{w=1, wtimeout=0, fsync=false, j=false, codecRegistry=org.bson.codecs.configuration.ProvidersCodecRegistry@1589ed2, minConnectionsPerHost=0, maxConnectionsPerHost=100, threadsAllowedToBlockForConnectionMultiplier=5, serverSelectionTimeout=30000, maxWaitTime=120000, maxConnectionIdleTime=0, maxConnectionLifeTime=0, connectTimeout=10000, socketTimeout=0, socketKeepAlive=false, sslEnabled=false, sslInvalidHostNamesAllowed=false, alwaysUseMBeans=false, heartbeatFrequency=10000, minHeartbeatFrequency=500, heartbeatConnectTimeout=20000, heartbeatSocketTimeout=20000, localThreshold=15, requiredReplicaSetName='null', dbDecoderFactory=com.mongodb.DefaultDBDecoder$1@17e76d31, dbEncoderFactory=com.mongodb.DefaultDBEncoder$1@98add10, socketFactory=javax.net.DefaultSocketFactory@500c698d, cursorFinalizerEnabled=true, connectionPoolSettings=ConnectionPoolSettings{maxSize=100, minSize=0, maxWaitQueueSize=500, maxWaitTimeMS=120000, maxConnectionLifeTimeMS=0, maxConnectionIdleTimeMS=0, maintenanceInitialDelayMS=0, maintenanceFrequencyMS=60000}, socketSettings=SocketSettings{connectTimeoutMS=10000, readTimeoutMS=0, keepAlive=false, receiveBufferSize=0, sendBufferSize=0}, serverSettings=ServerSettings{heartbeatFrequencyMS=10000, minHeartbeatFrequencyMS=500}, heartbeatSocketSettings=SocketSettings{connectTimeoutMS=20000, readTimeoutMS=20000, keepAlive=false, receiveBufferSize=0, sendBufferSize=0}}}
2016-10-06 16:48:52,551 INFO  c.c.dashboard.config.MongoConfig - ReplicaSetfalse
2016-10-06 16:48:52,551 INFO  c.c.dashboard.config.MongoConfig - Initializing Mongo Client server at: ctsc00717804101:27017
2016-10-06 16:48:52,551 INFO  org.mongodb.driver.cluster - Cluster created with settings {hosts=[ctsc00717804101:27017], mode=SINGLE, requiredClusterType=UNKNOWN, serverSelectionTimeout='30000 ms', maxWaitQueueSize=500}
2016-10-06 16:48:52,567 INFO  c.c.dashboard.config.MongoConfig - Connecting to Mongo: Mongo{options=MongoClientOptions{description='null', readPreference=primary, writeConcern=WriteConcern{w=1, wtimeout=0, fsync=false, j=false, codecRegistry=org.bson.codecs.configuration.ProvidersCodecRegistry@1589ed2, minConnectionsPerHost=0, maxConnectionsPerHost=100, threadsAllowedToBlockForConnectionMultiplier=5, serverSelectionTimeout=30000, maxWaitTime=120000, maxConnectionIdleTime=0, maxConnectionLifeTime=0, connectTimeout=10000, socketTimeout=0, socketKeepAlive=false, sslEnabled=false, sslInvalidHostNamesAllowed=false, alwaysUseMBeans=false, heartbeatFrequency=10000, minHeartbeatFrequency=500, heartbeatConnectTimeout=20000, heartbeatSocketTimeout=20000, localThreshold=15, requiredReplicaSetName='null', dbDecoderFactory=com.mongodb.DefaultDBDecoder$1@17e76d31, dbEncoderFactory=com.mongodb.DefaultDBEncoder$1@98add10, socketFactory=javax.net.DefaultSocketFactory@500c698d, cursorFinalizerEnabled=true, connectionPoolSettings=ConnectionPoolSettings{maxSize=100, minSize=0, maxWaitQueueSize=500, maxWaitTimeMS=120000, maxConnectionLifeTimeMS=0, maxConnectionIdleTimeMS=0, maintenanceInitialDelayMS=0, maintenanceFrequencyMS=60000}, socketSettings=SocketSettings{connectTimeoutMS=10000, readTimeoutMS=0, keepAlive=false, receiveBufferSize=0, sendBufferSize=0}, serverSettings=ServerSettings{heartbeatFrequencyMS=10000, minHeartbeatFrequencyMS=500}, heartbeatSocketSettings=SocketSettings{connectTimeoutMS=20000, readTimeoutMS=20000, keepAlive=false, receiveBufferSize=0, sendBufferSize=0}}}
2016-10-06 16:48:52,801 INFO  c.c.dashboard.config.MongoConfig - ReplicaSetfalse
2016-10-06 16:48:52,801 INFO  c.c.dashboard.config.MongoConfig - Initializing Mongo Client server at: ctsc00717804101:27017
2016-10-06 16:48:52,801 INFO  org.mongodb.driver.cluster - Cluster created with settings {hosts=[ctsc00717804101:27017], mode=SINGLE, requiredClusterType=UNKNOWN, serverSelectionTimeout='30000 ms', maxWaitQueueSize=500}
2016-10-06 16:48:52,817 INFO  c.c.dashboard.config.MongoConfig - Connecting to Mongo: Mongo{options=MongoClientOptions{description='null', readPreference=primary, writeConcern=WriteConcern{w=1, wtimeout=0, fsync=false, j=false, codecRegistry=org.bson.codecs.configuration.ProvidersCodecRegistry@1589ed2, minConnectionsPerHost=0, maxConnectionsPerHost=100, threadsAllowedToBlockForConnectionMultiplier=5, serverSelectionTimeout=30000, maxWaitTime=120000, maxConnectionIdleTime=0, maxConnectionLifeTime=0, connectTimeout=10000, socketTimeout=0, socketKeepAlive=false, sslEnabled=false, sslInvalidHostNamesAllowed=false, alwaysUseMBeans=false, heartbeatFrequency=10000, minHeartbeatFrequency=500, heartbeatConnectTimeout=20000, heartbeatSocketTimeout=20000, localThreshold=15, requiredReplicaSetName='null', dbDecoderFactory=com.mongodb.DefaultDBDecoder$1@17e76d31, dbEncoderFactory=com.mongodb.DefaultDBEncoder$1@98add10, socketFactory=javax.net.DefaultSocketFactory@500c698d, cursorFinalizerEnabled=true, connectionPoolSettings=ConnectionPoolSettings{maxSize=100, minSize=0, maxWaitQueueSize=500, maxWaitTimeMS=120000, maxConnectionLifeTimeMS=0, maxConnectionIdleTimeMS=0, maintenanceInitialDelayMS=0, maintenanceFrequencyMS=60000}, socketSettings=SocketSettings{connectTimeoutMS=10000, readTimeoutMS=0, keepAlive=false, receiveBufferSize=0, sendBufferSize=0}, serverSettings=ServerSettings{heartbeatFrequencyMS=10000, minHeartbeatFrequencyMS=500}, heartbeatSocketSettings=SocketSettings{connectTimeoutMS=20000, readTimeoutMS=20000, keepAlive=false, receiveBufferSize=0, sendBufferSize=0}}}
2016-10-06 16:48:53,066 INFO  org.mongodb.driver.connection - Opened connection [connectionId{localValue:4, serverValue:14}] to ctsc00717804101:27017
2016-10-06 16:48:53,082 INFO  org.mongodb.driver.connection - Opened connection [connectionId{localValue:3, serverValue:13}] to ctsc00717804101:27017
2016-10-06 16:48:53,144 INFO  org.mongodb.driver.cluster - Monitor thread successfully connected to server with description ServerDescription{address=ctsc00717804101:27017, type=STANDALONE, state=CONNECTED, ok=true, version=ServerVersion{versionList=[3, 2, 5]}, minWireVersion=0, maxWireVersion=4, electionId=null, maxDocumentSize=16777216, roundTripTimeNanos=58731883}
2016-10-06 16:48:53,160 INFO  org.mongodb.driver.cluster - Monitor thread successfully connected to server with description ServerDescription{address=ctsc00717804101:27017, type=STANDALONE, state=CONNECTED, ok=true, version=ServerVersion{versionList=[3, 2, 5]}, minWireVersion=0, maxWireVersion=4, electionId=null, maxDocumentSize=16777216, roundTripTimeNanos=88836292}
2016-10-06 16:48:53,253 INFO  o.s.j.e.a.AnnotationMBeanExporter - Registering beans for JMX exposure on startup
2016-10-06 16:48:53,254 INFO  s.d.s.w.p.DocumentationPluginsBootstrapper - Context refreshed
2016-10-06 16:48:53,317 INFO  org.mongodb.driver.connection - Opened connection [connectionId{localValue:5, serverValue:15}] to ctsc00717804101:27017
2016-10-06 16:48:53,364 INFO  s.d.s.w.p.DocumentationPluginsBootstrapper - Found 1 custom documentation plugin(s)
2016-10-06 16:48:53,379 INFO  org.mongodb.driver.cluster - Monitor thread successfully connected to server with description ServerDescription{address=ctsc00717804101:27017, type=STANDALONE, state=CONNECTED, ok=true, version=ServerVersion{versionList=[3, 2, 5]}, minWireVersion=0, maxWireVersion=4, electionId=null, maxDocumentSize=16777216, roundTripTimeNanos=60464787}
2016-10-06 16:48:53,395 INFO  s.d.s.w.s.ApiListingReferenceScanner - Scanning for api listing references
2016-10-06 16:48:53,958 INFO  s.d.s.w.r.o.CachingOperationNameGenerator - Generating unique operation named: refreshInstancesUsingPOST_1
2016-10-06 16:48:53,990 INFO  s.d.s.w.r.o.CachingOperationNameGenerator - Generating unique operation named: getVirtualNetworkDetailsUsingGET_1
2016-10-06 16:48:54,146 INFO  s.d.s.w.r.o.CachingOperationNameGenerator - Generating unique operation named: createBuildUsingPOST_1
2016-10-06 16:48:54,161 INFO  s.d.s.w.r.o.CachingOperationNameGenerator - Generating unique operation named: deployStatusUsingGET_1
2016-10-06 16:48:54,302 INFO  s.d.s.w.r.o.CachingOperationNameGenerator - Generating unique operation named: qualityDataUsingGET_1
2016-10-06 16:48:54,364 INFO  s.d.s.w.r.o.CachingOperationNameGenerator - Generating unique operation named: searchUsingGET_1
2016-10-06 16:48:54,520 INFO  o.a.coyote.http11.Http11NioProtocol - Initializing ProtocolHandler ["http-nio-200"]
2016-10-06 16:48:54,567 INFO  o.a.coyote.http11.Http11NioProtocol - Starting ProtocolHandler ["http-nio-200"]
2016-10-06 16:48:54,645 INFO  o.a.tomcat.util.net.NioSelectorPool - Using a shared selector for servlet write/read
2016-10-06 16:48:54,738 INFO  o.s.b.c.e.t.TomcatEmbeddedServletContainer - Tomcat started on port(s): 200 (http)
2016-10-06 16:48:54,738 INFO  com.capitalone.dashboard.Application - Started Application in 20.181 seconds (JVM running for 21.715)
2016-10-06 16:51:02,536 INFO  o.a.c.c.C.[.[localhost].[/api] - Initializing Spring FrameworkServlet 'dispatcherServlet'
2016-10-06 16:51:02,536 INFO  o.s.web.servlet.DispatcherServlet - FrameworkServlet 'dispatcherServlet': initialization started
2016-10-06 16:51:02,641 INFO  o.s.web.servlet.DispatcherServlet - FrameworkServlet 'dispatcherServlet': initialization completed in 104 ms
2016-10-06 17:57:53,414 INFO  o.s.b.c.e.AnnotationConfigEmbeddedWebApplicationContext - Closing org.springframework.boot.context.embedded.AnnotationConfigEmbeddedWebApplicationContext@1a67c83f: startup date [Thu Oct 06 16:48:35 IST 2016]; root of context hierarchy
2016-10-06 17:57:58,859 INFO  o.s.j.e.a.AnnotationMBeanExporter - Unregistering JMX-exposed beans on shutdown
2016-10-06 17:58:01,355 INFO  o.s.s.c.ThreadPoolTaskScheduler - Shutting down ExecutorService 'taskScheduler'
